
{"file":"/Users/jee/Works/go/src/github.com/ecommerce-api/pkg/securities/token.go:124","func":"github.com/ecommerce-api/pkg/securities.ReadJWTSecretKey","level":"fatal","msg":"Open file failed","time":"2024-08-28T11:00:00+07:00"}
{"file":"/Users/jee/Works/go/src/github.com/ecommerce-api/pkg/securities/token.go:124","func":"github.com/ecommerce-api/pkg/securities.ReadJWTSecretKey","level":"fatal","msg":"Open file failed","time":"2024-08-28T11:00:36+07:00"}
{"file":"/Users/jee/Works/go/src/github.com/ecommerce-api/pkg/config/database.go:44","func":"github.com/ecommerce-api/pkg/config.SqlDBLoad","level":"panic","msg":"database connection failed","time":"2024-08-29T10:16:06+07:00"}
{"file":"/Users/jee/Works/go/src/github.com/ecommerce-api/cmd/seeds/seed.go:197","func":"main.createUser","level":"fatal","msg":"ERROR: duplicate key value violates unique constraint \"users_username_key\" (SQLSTATE 23505)","time":"2024-08-29T10:45:15+07:00"}
{"file":"/Users/jee/Works/go/src/github.com/ecommerce-api/cmd/seeds/seed.go:197","func":"main.createUser","level":"fatal","msg":"ERROR: duplicate key value violates unique constraint \"users_username_key\" (SQLSTATE 23505)","time":"2024-08-29T10:45:40+07:00"}
{"file":"/Users/jee/Works/go/src/github.com/ecommerce-api/pkg/security/token.go:124","func":"github.com/ecommerce-api/pkg/security.ReadJWTSecretKey","level":"fatal","msg":"Open file failed","time":"2024-08-29T21:53:58+07:00"}
{"file":"/Users/jee/Works/go/src/github.com/ecommerce-api/pkg/security/token.go:124","func":"github.com/ecommerce-api/pkg/security.ReadJWTSecretKey","level":"fatal","msg":"Open file failed","time":"2024-08-29T21:55:13+07:00"}
{"file":"/Users/jee/Works/go/src/github.com/ecommerce-api/pkg/security/token.go:124","func":"github.com/ecommerce-api/pkg/security.ReadJWTSecretKey","level":"fatal","msg":"Open file failed","time":"2024-08-29T21:58:13+07:00"}
{"file":"/Users/jee/Works/go/src/github.com/ecommerce-api/pkg/security/token.go:124","func":"github.com/ecommerce-api/pkg/security.ReadJWTSecretKey","level":"fatal","msg":"Open file failed","time":"2024-08-29T21:59:04+07:00"}
{"file":"/Users/jee/Works/go/src/github.com/ecommerce-api/pkg/security/token.go:124","func":"github.com/ecommerce-api/pkg/security.ReadJWTSecretKey","level":"fatal","msg":"Open file failed","time":"2024-08-29T21:59:25+07:00"}
{"file":"/Users/jee/Works/go/src/github.com/ecommerce-api/pkg/security/token.go:124","func":"github.com/ecommerce-api/pkg/security.ReadJWTSecretKey","level":"fatal","msg":"Open file failed","time":"2024-08-29T22:02:10+07:00"}
{"file":"/Users/jee/Works/go/src/github.com/ecommerce-api/pkg/security/token.go:124","func":"github.com/ecommerce-api/pkg/security.ReadJWTSecretKey","level":"fatal","msg":"Open file failed","time":"2024-08-29T22:03:09+07:00"}
{"file":"/Users/jee/Works/go/src/github.com/ecommerce-api/pkg/security/token.go:124","func":"github.com/ecommerce-api/pkg/security.ReadJWTSecretKey","level":"fatal","msg":"Open file failed","time":"2024-08-29T22:03:51+07:00"}
{"file":"/Users/jee/Works/go/src/github.com/ecommerce-api/pkg/http/response.go:45","func":"github.com/ecommerce-api/pkg/http.JsonError","level":"error","msg":"param request does not email","time":"2024-08-29T22:06:39+07:00"}
{"file":"/Users/jee/Works/go/src/github.com/ecommerce-api/pkg/http/response.go:45","func":"github.com/ecommerce-api/pkg/http.JsonError","level":"error","msg":"param request does not email","time":"2024-08-29T22:08:01+07:00"}
{"file":"/Users/jee/Works/go/src/github.com/ecommerce-api/pkg/http/response.go:45","func":"github.com/ecommerce-api/pkg/http.JsonError","level":"error","msg":"invalid password credentials","time":"2024-08-29T22:11:50+07:00"}
{"file":"/Users/jee/Works/go/src/github.com/ecommerce-api/pkg/http/response.go:45","func":"github.com/ecommerce-api/pkg/http.JsonError","level":"error","msg":"email not found","time":"2024-08-29T22:17:08+07:00"}
{"file":"/Users/jee/Works/go/src/github.com/ecommerce-api/pkg/http/response.go:45","func":"github.com/ecommerce-api/pkg/http.JsonError","level":"error","msg":"invalid password credentials","time":"2024-08-29T22:17:59+07:00"}
{"file":"/Users/jee/Works/go/src/github.com/ecommerce-api/pkg/security/token.go:124","func":"github.com/ecommerce-api/pkg/security.ReadJWTSecretKey","level":"fatal","msg":"Open file failed","time":"2024-08-29T22:21:25+07:00"}
{"file":"/Users/jee/Works/go/src/github.com/ecommerce-api/pkg/security/token.go:124","func":"github.com/ecommerce-api/pkg/security.ReadJWTSecretKey","level":"fatal","msg":"Open file failed","time":"2024-08-29T22:23:01+07:00"}
{"file":"/Users/jee/Works/go/src/github.com/ecommerce-api/pkg/security/token.go:124","func":"github.com/ecommerce-api/pkg/security.ReadJWTSecretKey","level":"fatal","msg":"Open file failed","time":"2024-08-29T22:23:52+07:00"}
{"file":"/Users/jee/Works/go/src/github.com/ecommerce-api/pkg/http/response.go:45","func":"github.com/ecommerce-api/pkg/http.JsonError","level":"error","msg":"Invalid Params","time":"2024-08-29T22:26:56+07:00"}
{"file":"/Users/jee/Works/go/src/github.com/ecommerce-api/pkg/http/response.go:45","func":"github.com/ecommerce-api/pkg/http.JsonError","level":"error","msg":"invalid password credentials","time":"2024-08-29T22:27:08+07:00"}
{"file":"/Users/jee/Works/go/src/github.com/ecommerce-api/pkg/http/response.go:45","func":"github.com/ecommerce-api/pkg/http.JsonError","level":"error","msg":"Invalid Params","time":"2024-08-29T22:27:14+07:00"}
{"file":"/Users/jee/Works/go/src/github.com/ecommerce-api/pkg/http/response.go:45","func":"github.com/ecommerce-api/pkg/http.JsonError","level":"error","msg":"invalid password credentials","time":"2024-08-29T22:27:32+07:00"}
{"file":"/Users/jee/Works/go/src/github.com/ecommerce-api/pkg/http/response.go:45","func":"github.com/ecommerce-api/pkg/http.JsonError","level":"error","msg":"invalid password credentials","time":"2024-08-29T22:27:43+07:00"}
{"file":"/Users/jee/Works/go/src/github.com/ecommerce-api/pkg/http/response.go:45","func":"github.com/ecommerce-api/pkg/http.JsonError","level":"error","msg":"invalid password credentials","time":"2024-08-29T22:27:49+07:00"}
{"file":"/Users/jee/Works/go/src/github.com/ecommerce-api/pkg/http/response.go:45","func":"github.com/ecommerce-api/pkg/http.JsonError","level":"error","msg":"invalid password credentials","time":"2024-08-29T22:31:19+07:00"}
{"file":"/Users/jee/Works/go/src/github.com/ecommerce-api/pkg/http/response.go:45","func":"github.com/ecommerce-api/pkg/http.JsonError","level":"error","msg":"invalid password credentials","time":"2024-08-29T22:32:42+07:00"}
{"file":"/Users/jee/Works/go/src/github.com/ecommerce-api/pkg/http/response.go:45","func":"github.com/ecommerce-api/pkg/http.JsonError","level":"error","msg":"invalid password credentials","time":"2024-08-29T22:33:06+07:00"}
{"file":"/Users/jee/Works/go/src/github.com/ecommerce-api/pkg/http/response.go:45","func":"github.com/ecommerce-api/pkg/http.JsonError","level":"error","msg":"invalid password credentials","time":"2024-08-29T22:33:13+07:00"}
{"file":"/Users/jee/Works/go/src/github.com/ecommerce-api/pkg/http/response.go:45","func":"github.com/ecommerce-api/pkg/http.JsonError","level":"error","msg":"ERROR: relation \"warehouse_inventory\" does not exist (SQLSTATE 42P01)","time":"2024-08-29T22:51:07+07:00"}
{"file":"/Users/jee/Works/go/src/github.com/ecommerce-api/pkg/http/response.go:45","func":"github.com/ecommerce-api/pkg/http.JsonError","level":"error","msg":"ERROR: column \"products.id\" must appear in the GROUP BY clause or be used in an aggregate function (SQLSTATE 42803)","time":"2024-08-29T22:52:03+07:00"}
{"file":"/Users/jee/Works/go/src/github.com/ecommerce-api/pkg/http/response.go:45","func":"github.com/ecommerce-api/pkg/http.JsonError","level":"error","msg":"ERROR: column \"products.id\" must appear in the GROUP BY clause or be used in an aggregate function (SQLSTATE 42803)","time":"2024-08-29T22:52:31+07:00"}
{"file":"/Users/jee/Works/go/src/github.com/ecommerce-api/pkg/http/response.go:45","func":"github.com/ecommerce-api/pkg/http.JsonError","level":"error","msg":"json: cannot unmarshal string into Go struct field OrderRequest.shop_id of type uint64","time":"2024-08-30T05:28:32+07:00"}
{"file":"/Users/jee/Works/go/src/github.com/ecommerce-api/pkg/http/response.go:45","func":"github.com/ecommerce-api/pkg/http.JsonError","level":"error","msg":"json: cannot unmarshal string into Go struct field OrderRequest.shop_id of type uint64","time":"2024-08-30T05:29:18+07:00"}
{"file":"/Users/jee/Works/go/src/github.com/ecommerce-api/pkg/http/response.go:45","func":"github.com/ecommerce-api/pkg/http.JsonError","level":"error","msg":"json: cannot unmarshal string into Go struct field OrderRequest.shop_id of type uint64","time":"2024-08-30T05:30:16+07:00"}
{"file":"/Users/jee/Works/go/src/github.com/ecommerce-api/pkg/http/response.go:45","func":"github.com/ecommerce-api/pkg/http.JsonError","level":"error","msg":"json: cannot unmarshal string into Go struct field OrderRequest.shop_id of type uint64","time":"2024-08-30T05:35:59+07:00"}
{"file":"/Users/jee/Works/go/src/github.com/ecommerce-api/pkg/http/response.go:45","func":"github.com/ecommerce-api/pkg/http.JsonError","level":"error","msg":"Invalid params","time":"2024-08-30T05:38:22+07:00"}
{"file":"/Users/jee/Works/go/src/github.com/ecommerce-api/pkg/http/response.go:45","func":"github.com/ecommerce-api/pkg/http.JsonError","level":"error","msg":"Invalid params","time":"2024-08-30T05:39:05+07:00"}
{"file":"/Users/jee/Works/go/src/github.com/ecommerce-api/pkg/http/response.go:45","func":"github.com/ecommerce-api/pkg/http.JsonError","level":"error","msg":"stock is not available","time":"2024-08-30T05:39:18+07:00"}
{"file":"/Users/jee/Works/go/src/github.com/ecommerce-api/pkg/http/response.go:45","func":"github.com/ecommerce-api/pkg/http.JsonError","level":"error","msg":"stock is not available","time":"2024-08-30T05:40:28+07:00"}
{"file":"/Users/jee/Works/go/src/github.com/ecommerce-api/pkg/http/response.go:45","func":"github.com/ecommerce-api/pkg/http.JsonError","level":"error","msg":"ERROR: cannot insert into column \"total_price\" (SQLSTATE 42601)","time":"2024-08-30T05:43:40+07:00"}
{"file":"/Users/jee/Works/go/src/github.com/ecommerce-api/pkg/http/response.go:45","func":"github.com/ecommerce-api/pkg/http.JsonError","level":"error","msg":"ERROR: cannot insert into column \"total_price\" (SQLSTATE 42601)","time":"2024-08-30T06:01:13+07:00"}
{"file":"/Users/jee/Works/go/src/github.com/ecommerce-api/pkg/http/response.go:45","func":"github.com/ecommerce-api/pkg/http.JsonError","level":"error","msg":"ERROR: cannot insert into column \"total_price\" (SQLSTATE 42601)","time":"2024-08-30T06:03:49+07:00"}
{"file":"/Users/jee/Works/go/src/github.com/ecommerce-api/pkg/http/response.go:45","func":"github.com/ecommerce-api/pkg/http.JsonError","level":"error","msg":"ERROR: cannot insert into column \"total_price\" (SQLSTATE 42601)","time":"2024-08-30T06:05:53+07:00"}
{"file":"/Users/jee/Works/go/src/github.com/ecommerce-api/internal/service/order_service.go:114","func":"github.com/ecommerce-api/internal/service.(*orderService).CheckoutOrder.func1","level":"debug","msg":"this si running on other thread","time":"2024-08-30T06:27:09+07:00"}
{"file":"/Users/jee/Works/go/src/github.com/ecommerce-api/pkg/http/response.go:45","func":"github.com/ecommerce-api/pkg/http.JsonError","level":"error","msg":"ERROR: insert or update on table \"orders\" violates foreign key constraint \"orders_user_id_fkey\" (SQLSTATE 23503)","time":"2024-08-30T06:28:40+07:00"}
{"file":"/Users/jee/Works/go/src/github.com/ecommerce-api/internal/service/order_service.go:114","func":"github.com/ecommerce-api/internal/service.(*orderService).CheckoutOrder.func1","level":"debug","msg":"this si running on other thread","time":"2024-08-30T06:29:29+07:00"}
{"file":"/Users/jee/Works/go/src/github.com/ecommerce-api/internal/service/order_service.go:131","func":"github.com/ecommerce-api/internal/service.(*orderService).CheckoutOrder","level":"error","msg":"ERROR: null value in column \"status\" of relation \"stock_locks\" violates not-null constraint (SQLSTATE 23502)","time":"2024-08-30T06:38:04+07:00"}
{"file":"/Users/jee/Works/go/src/github.com/ecommerce-api/pkg/http/response.go:45","func":"github.com/ecommerce-api/pkg/http.JsonError","level":"error","msg":"ERROR: null value in column \"status\" of relation \"stock_locks\" violates not-null constraint (SQLSTATE 23502)","time":"2024-08-30T06:38:04+07:00"}
{"file":"/Users/jee/Works/go/src/github.com/ecommerce-api/pkg/http/response.go:45","func":"github.com/ecommerce-api/pkg/http.JsonError","level":"error","msg":"stock is not available","time":"2024-08-30T07:03:12+07:00"}
{"file":"/Users/jee/Works/go/src/github.com/ecommerce-api/pkg/http/response.go:45","func":"github.com/ecommerce-api/pkg/http.JsonError","level":"error","msg":"stock is not available","time":"2024-08-30T07:10:03+07:00"}
{"file":"/Users/jee/Works/go/src/github.com/ecommerce-api/internal/service/order_service.go:214","func":"github.com/ecommerce-api/internal/service.(*orderService).lockStock","level":"info","msg":"lock stock - product: 31, total: 1 from warehouse 13","time":"2024-08-30T07:40:04+07:00"}
{"file":"/Users/jee/Works/go/src/github.com/ecommerce-api/internal/service/order_service.go:231","func":"github.com/ecommerce-api/internal/service.(*orderService).releaseStock","level":"info","msg":"release stock - product: 31, total: 1  from warehose 13 ","time":"2024-08-30T07:40:14+07:00"}
{"file":"/Users/jee/Works/go/src/github.com/ecommerce-api/internal/service/order_service.go:216","func":"github.com/ecommerce-api/internal/service.(*orderService).lockStock","level":"info","msg":"lock stock - product: 31, total: 1 from warehouse 13","time":"2024-08-30T09:12:00+07:00"}
{"file":"/Users/jee/Works/go/src/github.com/ecommerce-api/internal/service/order_service.go:238","func":"github.com/ecommerce-api/internal/service.(*orderService).releaseStock","level":"info","msg":"release stock - product: 31, total: 1  from warehose 13 ","time":"2024-08-30T09:12:09+07:00"}
{"file":"/Users/jee/Works/go/src/github.com/ecommerce-api/internal/service/order_service.go:216","func":"github.com/ecommerce-api/internal/service.(*orderService).lockStock","level":"info","msg":"lock stock - product: 31, total: 1 from warehouse 13","time":"2024-08-30T09:12:28+07:00"}
{"file":"/Users/jee/Works/go/src/github.com/ecommerce-api/internal/service/order_service.go:238","func":"github.com/ecommerce-api/internal/service.(*orderService).releaseStock","level":"info","msg":"release stock - product: 31, total: 1  from warehose 13 ","time":"2024-08-30T09:12:38+07:00"}
{"file":"/Users/jee/Works/go/src/github.com/ecommerce-api/internal/service/order_service.go:200","func":"github.com/ecommerce-api/internal/service.(*orderService).lockStock","level":"info","msg":"lock stock - product: 31, total: 1 from warehouse 13","time":"2024-08-30T09:27:22+07:00"}
{"file":"/Users/jee/Works/go/src/github.com/ecommerce-api/pkg/http/response.go:45","func":"github.com/ecommerce-api/pkg/http.JsonError","level":"error","msg":"amount is invalid","time":"2024-08-30T09:28:11+07:00"}
{"file":"/Users/jee/Works/go/src/github.com/ecommerce-api/pkg/http/response.go:45","func":"github.com/ecommerce-api/pkg/http.JsonError","level":"error","msg":"amount is invalid","time":"2024-08-30T09:29:33+07:00"}
{"file":"/Users/jee/Works/go/src/github.com/ecommerce-api/pkg/http/response.go:45","func":"github.com/ecommerce-api/pkg/http.JsonError","level":"error","msg":"amount is invalid","time":"2024-08-30T09:31:02+07:00"}
{"file":"/Users/jee/Works/go/src/github.com/ecommerce-api/pkg/http/response.go:45","func":"github.com/ecommerce-api/pkg/http.JsonError","level":"error","msg":"ERROR: relation \"payments\" does not exist (SQLSTATE 42P01)","time":"2024-08-30T09:31:20+07:00"}
{"file":"/Users/jee/Works/go/src/github.com/ecommerce-api/internal/service/order_service.go:201","func":"github.com/ecommerce-api/internal/service.(*orderService).lockStock","level":"info","msg":"lock stock - product: 31, total: 1 from warehouse 13","time":"2024-08-30T09:35:01+07:00"}
{"file":"/Users/jee/Works/go/src/github.com/ecommerce-api/internal/service/order_service.go:221","func":"github.com/ecommerce-api/internal/service.(*orderService).releaseStock","level":"info","msg":"release stock - product: 31, total: 1  from warehose 13 ","time":"2024-08-30T09:35:14+07:00"}
{"file":"/Users/jee/Works/go/src/github.com/ecommerce-api/internal/service/order_service.go:258","func":"github.com/ecommerce-api/internal/service.(*orderService).ReleaseAllOldStock","level":"info","msg":"release stock - product: 32, total: 10  from warehose 14 ","time":"2024-08-30T10:52:42+07:00"}
{"file":"/Users/jee/Works/go/src/github.com/ecommerce-api/internal/service/order_service.go:266","func":"github.com/ecommerce-api/internal/service.(*orderService).ReleaseAllOldStock","level":"error","msg":"invalid field found for struct github.com/ecommerce-api/pkg/entity.WarehouseInventory's field Products: define a valid foreign key for relations or implement the Valuer/Scanner interface","time":"2024-08-30T10:52:42+07:00"}
{"file":"/Users/jee/Works/go/src/github.com/ecommerce-api/internal/service/order_service.go:258","func":"github.com/ecommerce-api/internal/service.(*orderService).ReleaseAllOldStock","level":"info","msg":"release stock - product: 32, total: 10  from warehose 14 ","time":"2024-08-30T10:53:53+07:00"}
{"file":"/Users/jee/Works/go/src/github.com/ecommerce-api/internal/service/order_service.go:266","func":"github.com/ecommerce-api/internal/service.(*orderService).ReleaseAllOldStock","level":"error","msg":"invalid field found for struct github.com/ecommerce-api/pkg/entity.WarehouseInventory's field Products: define a valid foreign key for relations or implement the Valuer/Scanner interface","time":"2024-08-30T10:53:54+07:00"}
{"file":"/Users/jee/Works/go/src/github.com/ecommerce-api/internal/service/order_service.go:258","func":"github.com/ecommerce-api/internal/service.(*orderService).ReleaseAllOldStock","level":"info","msg":"release stock - product: 32, total: 10  from warehose 14 ","time":"2024-08-30T10:55:08+07:00"}
{"file":"/Users/jee/Works/go/src/github.com/ecommerce-api/internal/service/order_service.go:266","func":"github.com/ecommerce-api/internal/service.(*orderService).ReleaseAllOldStock","level":"error","msg":"invalid field found for struct github.com/ecommerce-api/pkg/entity.WarehouseInventory's field Products: define a valid foreign key for relations or implement the Valuer/Scanner interface","time":"2024-08-30T10:55:09+07:00"}
{"file":"/Users/jee/Works/go/src/github.com/ecommerce-api/internal/service/order_service.go:258","func":"github.com/ecommerce-api/internal/service.(*orderService).ReleaseAllOldStock","level":"info","msg":"release stock - product: 35, total: 10  from warehose 13 ","time":"2024-08-30T10:56:14+07:00"}
{"file":"/Users/jee/Works/go/src/github.com/ecommerce-api/internal/service/order_service.go:258","func":"github.com/ecommerce-api/internal/service.(*orderService).ReleaseAllOldStock","level":"info","msg":"release stock - product: 35, total: 10  from warehose 13 ","time":"2024-08-30T10:56:14+07:00"}
{"file":"/Users/jee/Works/go/src/github.com/ecommerce-api/internal/service/order_service.go:258","func":"github.com/ecommerce-api/internal/service.(*orderService).ReleaseAllOldStock","level":"info","msg":"release stock - product: 35, total: 10  from warehose 13 ","time":"2024-08-30T10:56:15+07:00"}
{"file":"/Users/jee/Works/go/src/github.com/ecommerce-api/internal/service/order_service.go:258","func":"github.com/ecommerce-api/internal/service.(*orderService).ReleaseAllOldStock","level":"info","msg":"release stock - product: 35, total: 10  from warehose 13 ","time":"2024-08-30T10:56:15+07:00"}
{"file":"/Users/jee/Works/go/src/github.com/ecommerce-api/internal/service/order_service.go:258","func":"github.com/ecommerce-api/internal/service.(*orderService).ReleaseAllOldStock","level":"info","msg":"release stock - product: 35, total: 10  from warehose 13 ","time":"2024-08-30T10:56:15+07:00"}
{"file":"/Users/jee/Works/go/src/github.com/ecommerce-api/internal/service/order_service.go:258","func":"github.com/ecommerce-api/internal/service.(*orderService).ReleaseAllOldStock","level":"info","msg":"release stock - product: 31, total: 1  from warehose 13 ","time":"2024-08-30T10:56:15+07:00"}
{"file":"/Users/jee/Works/go/src/github.com/ecommerce-api/internal/service/order_service.go:258","func":"github.com/ecommerce-api/internal/service.(*orderService).ReleaseAllOldStock","level":"info","msg":"release stock - product: 31, total: 1  from warehose 13 ","time":"2024-08-30T10:56:16+07:00"}
{"file":"/Users/jee/Works/go/src/github.com/ecommerce-api/internal/service/order_service.go:258","func":"github.com/ecommerce-api/internal/service.(*orderService).ReleaseAllOldStock","level":"info","msg":"release stock - product: 31, total: 1  from warehose 13 ","time":"2024-08-30T10:56:16+07:00"}
{"file":"/Users/jee/Works/go/src/github.com/ecommerce-api/internal/service/order_service.go:258","func":"github.com/ecommerce-api/internal/service.(*orderService).ReleaseAllOldStock","level":"info","msg":"release stock - product: 31, total: 1  from warehose 13 ","time":"2024-08-30T10:56:16+07:00"}
{"file":"/Users/jee/Works/go/src/github.com/ecommerce-api/internal/service/order_service.go:258","func":"github.com/ecommerce-api/internal/service.(*orderService).ReleaseAllOldStock","level":"info","msg":"release stock - product: 31, total: 1  from warehose 13 ","time":"2024-08-30T10:56:17+07:00"}
{"file":"/Users/jee/Works/go/src/github.com/ecommerce-api/internal/service/order_service.go:258","func":"github.com/ecommerce-api/internal/service.(*orderService).ReleaseAllOldStock","level":"info","msg":"release stock - product: 31, total: 1  from warehose 13 ","time":"2024-08-30T10:56:17+07:00"}
{"file":"/Users/jee/Works/go/src/github.com/ecommerce-api/internal/service/order_service.go:258","func":"github.com/ecommerce-api/internal/service.(*orderService).ReleaseAllOldStock","level":"info","msg":"release stock - product: 31, total: 1  from warehose 13 ","time":"2024-08-30T10:56:17+07:00"}
{"file":"/Users/jee/Works/go/src/github.com/ecommerce-api/internal/service/order_service.go:258","func":"github.com/ecommerce-api/internal/service.(*orderService).ReleaseAllOldStock","level":"info","msg":"release stock - product: 31, total: 1  from warehose 13 ","time":"2024-08-30T10:56:18+07:00"}
{"file":"/Users/jee/Works/go/src/github.com/ecommerce-api/internal/service/order_service.go:258","func":"github.com/ecommerce-api/internal/service.(*orderService).ReleaseAllOldStock","level":"info","msg":"release stock - product: 31, total: 1  from warehose 13 ","time":"2024-08-30T10:56:18+07:00"}
{"file":"/Users/jee/Works/go/src/github.com/ecommerce-api/internal/service/order_service.go:258","func":"github.com/ecommerce-api/internal/service.(*orderService).ReleaseAllOldStock","level":"info","msg":"release stock - product: 31, total: 1  from warehose 13 ","time":"2024-08-30T10:56:18+07:00"}
{"file":"/Users/jee/Works/go/src/github.com/ecommerce-api/internal/service/order_service.go:258","func":"github.com/ecommerce-api/internal/service.(*orderService).ReleaseAllOldStock","level":"info","msg":"release stock - product: 31, total: 1  from warehose 13 ","time":"2024-08-30T10:56:19+07:00"}
{"file":"/Users/jee/Works/go/src/github.com/ecommerce-api/internal/service/order_service.go:258","func":"github.com/ecommerce-api/internal/service.(*orderService).ReleaseAllOldStock","level":"info","msg":"release stock - product: 32, total: 10  from warehose 14 ","time":"2024-08-30T10:56:19+07:00"}
{"file":"/Users/jee/Works/go/src/github.com/ecommerce-api/internal/service/order_service.go:258","func":"github.com/ecommerce-api/internal/service.(*orderService).ReleaseAllOldStock","level":"info","msg":"release stock - product: 32, total: 10  from warehose 14 ","time":"2024-08-30T10:56:19+07:00"}
{"file":"/Users/jee/Works/go/src/github.com/ecommerce-api/internal/service/order_service.go:258","func":"github.com/ecommerce-api/internal/service.(*orderService).ReleaseAllOldStock","level":"info","msg":"release stock - product: 32, total: 10  from warehose 14 ","time":"2024-08-30T10:56:20+07:00"}
{"file":"/Users/jee/Works/go/src/github.com/ecommerce-api/pkg/http/response.go:45","func":"github.com/ecommerce-api/pkg/http.JsonError","level":"error","msg":"invalid field found for struct github.com/ecommerce-api/pkg/entity.WarehouseInventory's field Products: define a valid foreign key for relations or implement the Valuer/Scanner interface","time":"2024-08-30T10:57:07+07:00"}
{"file":"/Users/jee/Works/go/src/github.com/ecommerce-api/pkg/http/response.go:45","func":"github.com/ecommerce-api/pkg/http.JsonError","level":"error","msg":"invalid field found for struct github.com/ecommerce-api/pkg/entity.WarehouseInventory's field Products: define a valid foreign key for relations or implement the Valuer/Scanner interface","time":"2024-08-30T10:59:05+07:00"}
{"file":"/Users/jee/Works/go/src/github.com/ecommerce-api/pkg/http/response.go:45","func":"github.com/ecommerce-api/pkg/http.JsonError","level":"error","msg":"invalid field found for struct github.com/ecommerce-api/pkg/entity.WarehouseInventory's field Products: define a valid foreign key for relations or implement the Valuer/Scanner interface","time":"2024-08-30T10:59:24+07:00"}
{"file":"/Users/jee/Works/go/src/github.com/ecommerce-api/pkg/http/response.go:45","func":"github.com/ecommerce-api/pkg/http.JsonError","level":"error","msg":"invalid field found for struct github.com/ecommerce-api/pkg/entity.WarehouseInventory's field Products: define a valid foreign key for relations or implement the Valuer/Scanner interface","time":"2024-08-30T11:00:20+07:00"}
{"file":"/Users/jee/Works/go/src/github.com/ecommerce-api/pkg/http/response.go:45","func":"github.com/ecommerce-api/pkg/http.JsonError","level":"error","msg":"invalid field found for struct github.com/ecommerce-api/pkg/entity.WarehouseInventory's field Products: define a valid foreign key for relations or implement the Valuer/Scanner interface","time":"2024-08-30T11:00:46+07:00"}
{"file":"/Users/jee/Works/go/src/github.com/ecommerce-api/internal/service/order_service.go:205","func":"github.com/ecommerce-api/internal/service.(*orderService).LockStock","level":"info","msg":"lock stock - product: 31, total: 1 from warehouse 13","time":"2024-08-30T11:01:31+07:00"}
{"file":"/Users/jee/Works/go/src/github.com/ecommerce-api/internal/service/order_service.go:258","func":"github.com/ecommerce-api/internal/service.(*orderService).ReleaseAllOldStock","level":"info","msg":"release stock - product: 31, total: 1  from warehose 13 ","time":"2024-08-30T11:03:33+07:00"}
{"file":"/Users/jee/Works/go/src/github.com/ecommerce-api/internal/service/order_service.go:258","func":"github.com/ecommerce-api/internal/service.(*orderService).ReleaseAllOldStock","level":"info","msg":"release stock - product: 32, total: 10  from warehose 14 ","time":"2024-08-30T11:03:34+07:00"}
{"file":"/Users/jee/Works/go/src/github.com/ecommerce-api/internal/service/order_service.go:258","func":"github.com/ecommerce-api/internal/service.(*orderService).ReleaseAllOldStock","level":"info","msg":"release stock - product: 32, total: 10  from warehose 14 ","time":"2024-08-30T11:03:34+07:00"}
{"file":"/Users/jee/Works/go/src/github.com/ecommerce-api/internal/service/order_service.go:258","func":"github.com/ecommerce-api/internal/service.(*orderService).ReleaseAllOldStock","level":"info","msg":"release stock - product: 32, total: 10  from warehose 14 ","time":"2024-08-30T11:03:35+07:00"}
{"file":"/Users/jee/Works/go/src/github.com/ecommerce-api/internal/service/order_service.go:258","func":"github.com/ecommerce-api/internal/service.(*orderService).ReleaseAllOldStock","level":"info","msg":"release stock - product: 31, total: 1  from warehose 13 ","time":"2024-08-30T11:03:35+07:00"}
{"file":"/Users/jee/Works/go/src/github.com/ecommerce-api/internal/service/order_service.go:258","func":"github.com/ecommerce-api/internal/service.(*orderService).ReleaseAllOldStock","level":"info","msg":"release stock - product: 35, total: 10  from warehose 13 ","time":"2024-08-30T11:03:35+07:00"}
{"file":"/Users/jee/Works/go/src/github.com/ecommerce-api/internal/service/order_service.go:258","func":"github.com/ecommerce-api/internal/service.(*orderService).ReleaseAllOldStock","level":"info","msg":"release stock - product: 35, total: 10  from warehose 13 ","time":"2024-08-30T11:03:36+07:00"}
{"file":"/Users/jee/Works/go/src/github.com/ecommerce-api/internal/service/order_service.go:258","func":"github.com/ecommerce-api/internal/service.(*orderService).ReleaseAllOldStock","level":"info","msg":"release stock - product: 35, total: 10  from warehose 13 ","time":"2024-08-30T11:03:36+07:00"}
{"file":"/Users/jee/Works/go/src/github.com/ecommerce-api/internal/service/order_service.go:258","func":"github.com/ecommerce-api/internal/service.(*orderService).ReleaseAllOldStock","level":"info","msg":"release stock - product: 35, total: 10  from warehose 13 ","time":"2024-08-30T11:03:36+07:00"}
{"file":"/Users/jee/Works/go/src/github.com/ecommerce-api/internal/service/order_service.go:258","func":"github.com/ecommerce-api/internal/service.(*orderService).ReleaseAllOldStock","level":"info","msg":"release stock - product: 35, total: 10  from warehose 13 ","time":"2024-08-30T11:03:36+07:00"}
{"file":"/Users/jee/Works/go/src/github.com/ecommerce-api/internal/service/order_service.go:258","func":"github.com/ecommerce-api/internal/service.(*orderService).ReleaseAllOldStock","level":"info","msg":"release stock - product: 31, total: 1  from warehose 13 ","time":"2024-08-30T11:03:37+07:00"}
{"file":"/Users/jee/Works/go/src/github.com/ecommerce-api/internal/service/order_service.go:258","func":"github.com/ecommerce-api/internal/service.(*orderService).ReleaseAllOldStock","level":"info","msg":"release stock - product: 31, total: 1  from warehose 13 ","time":"2024-08-30T11:03:37+07:00"}
{"file":"/Users/jee/Works/go/src/github.com/ecommerce-api/internal/service/order_service.go:258","func":"github.com/ecommerce-api/internal/service.(*orderService).ReleaseAllOldStock","level":"info","msg":"release stock - product: 31, total: 1  from warehose 13 ","time":"2024-08-30T11:03:37+07:00"}
{"file":"/Users/jee/Works/go/src/github.com/ecommerce-api/internal/service/order_service.go:258","func":"github.com/ecommerce-api/internal/service.(*orderService).ReleaseAllOldStock","level":"info","msg":"release stock - product: 31, total: 1  from warehose 13 ","time":"2024-08-30T11:03:38+07:00"}
{"file":"/Users/jee/Works/go/src/github.com/ecommerce-api/internal/service/order_service.go:258","func":"github.com/ecommerce-api/internal/service.(*orderService).ReleaseAllOldStock","level":"info","msg":"release stock - product: 31, total: 1  from warehose 13 ","time":"2024-08-30T11:03:38+07:00"}
{"file":"/Users/jee/Works/go/src/github.com/ecommerce-api/internal/service/order_service.go:258","func":"github.com/ecommerce-api/internal/service.(*orderService).ReleaseAllOldStock","level":"info","msg":"release stock - product: 31, total: 1  from warehose 13 ","time":"2024-08-30T11:03:38+07:00"}
{"file":"/Users/jee/Works/go/src/github.com/ecommerce-api/internal/service/order_service.go:258","func":"github.com/ecommerce-api/internal/service.(*orderService).ReleaseAllOldStock","level":"info","msg":"release stock - product: 31, total: 1  from warehose 13 ","time":"2024-08-30T11:03:39+07:00"}
{"file":"/Users/jee/Works/go/src/github.com/ecommerce-api/internal/service/order_service.go:258","func":"github.com/ecommerce-api/internal/service.(*orderService).ReleaseAllOldStock","level":"info","msg":"release stock - product: 31, total: 1  from warehose 13 ","time":"2024-08-30T11:03:39+07:00"}
{"file":"/Users/jee/Works/go/src/github.com/ecommerce-api/internal/service/order_service.go:258","func":"github.com/ecommerce-api/internal/service.(*orderService).ReleaseAllOldStock","level":"info","msg":"release stock - product: 31, total: 1  from warehose 13 ","time":"2024-08-30T11:03:39+07:00"}
{"file":"/Users/jee/Works/go/src/github.com/ecommerce-api/internal/service/order_service.go:258","func":"github.com/ecommerce-api/internal/service.(*orderService).ReleaseAllOldStock","level":"info","msg":"release stock - product: 31, total: 1  from warehose 13 ","time":"2024-08-30T11:03:40+07:00"}
{"file":"/Users/jee/Works/go/src/github.com/ecommerce-api/internal/service/order_service.go:205","func":"github.com/ecommerce-api/internal/service.(*orderService).LockStock","level":"info","msg":"lock stock - product: 31, total: 1 from warehouse 13","time":"2024-08-30T11:04:58+07:00"}
{"file":"/Users/jee/Works/go/src/github.com/ecommerce-api/internal/service/order_service.go:259","func":"github.com/ecommerce-api/internal/service.(*orderService).ReleaseAllOldStock","level":"info","msg":"release stock - product: 31, total: 1  from warehose 13 ","time":"2024-08-30T11:07:10+07:00"}
{"file":"/Users/jee/Works/go/src/github.com/ecommerce-api/internal/service/order_service.go:208","func":"github.com/ecommerce-api/internal/service.(*orderService).lockStock","level":"info","msg":"lock stock - product: 31, total: 1 from warehouse 13","time":"2024-08-30T11:31:54+07:00"}
{"file":"/Users/jee/Works/go/src/github.com/ecommerce-api/internal/service/order_service.go:230","func":"github.com/ecommerce-api/internal/service.(*orderService).releaseStock","level":"info","msg":"release stock - product: 31, total: 1  from warehose 13 ","time":"2024-08-30T11:32:54+07:00"}
{"file":"/Users/jee/Works/go/src/github.com/ecommerce-api/internal/service/order_service.go:208","func":"github.com/ecommerce-api/internal/service.(*orderService).lockStock","level":"info","msg":"lock stock - product: 31, total: 1 from warehouse 13","time":"2024-08-30T11:33:51+07:00"}
{"file":"/Users/jee/Works/go/src/github.com/ecommerce-api/internal/service/order_service.go:230","func":"github.com/ecommerce-api/internal/service.(*orderService).releaseStock","level":"info","msg":"release stock - product: 31, total: 1  from warehose 13 ","time":"2024-08-30T11:34:10+07:00"}
{"file":"/Users/jee/Works/go/src/github.com/ecommerce-api/internal/service/order_service.go:208","func":"github.com/ecommerce-api/internal/service.(*orderService).lockStock","level":"info","msg":"lock stock - product: 31, total: 1 from warehouse 13","time":"2024-08-30T11:34:14+07:00"}
{"file":"/Users/jee/Works/go/src/github.com/ecommerce-api/internal/service/order_service.go:230","func":"github.com/ecommerce-api/internal/service.(*orderService).releaseStock","level":"info","msg":"release stock - product: 31, total: 1  from warehose 13 ","time":"2024-08-30T11:34:23+07:00"}
{"file":"/Users/jee/Works/go/src/github.com/ecommerce-api/internal/service/order_service.go:208","func":"github.com/ecommerce-api/internal/service.(*orderService).lockStock","level":"info","msg":"lock stock order: 46, product: 31, total: 1 from warehouse 13","time":"2024-08-30T11:36:53+07:00"}
{"file":"/Users/jee/Works/go/src/github.com/ecommerce-api/internal/service/order_service.go:230","func":"github.com/ecommerce-api/internal/service.(*orderService).releaseStock","level":"info","msg":"release stock order 46, product: 31, total: 1  from warehose 13 ","time":"2024-08-30T11:37:01+07:00"}
{"file":"/Users/jee/Works/go/src/github.com/ecommerce-api/internal/service/order_service.go:208","func":"github.com/ecommerce-api/internal/service.(*orderService).lockStock","level":"info","msg":"lock stock order: 47, product: 31, total: 1 from warehouse 13","time":"2024-08-30T11:39:07+07:00"}
{"file":"/Users/jee/Works/go/src/github.com/ecommerce-api/internal/service/order_service.go:231","func":"github.com/ecommerce-api/internal/service.(*orderService).releaseStock","level":"info","msg":"release stock order 47, product: 31, total: 1  from warehose 13 ","time":"2024-08-30T11:39:14+07:00"}
{"file":"/Users/jee/Works/go/src/github.com/ecommerce-api/internal/service/order_service.go:208","func":"github.com/ecommerce-api/internal/service.(*orderService).lockStock","level":"info","msg":"lock stock order: 48, product: 31, total: 1 from warehouse 13","time":"2024-08-30T11:44:40+07:00"}
{"file":"/Users/jee/Works/go/src/github.com/ecommerce-api/internal/service/order_service.go:233","func":"github.com/ecommerce-api/internal/service.(*orderService).releaseStock","level":"info","msg":"release stock order 48, product: 31, total: 1  from warehose 13 ","time":"2024-08-30T11:44:49+07:00"}
{"file":"/Users/jee/Works/go/src/github.com/ecommerce-api/internal/service/order_service.go:208","func":"github.com/ecommerce-api/internal/service.(*orderService).lockStock","level":"info","msg":"lock stock order: 49, product: 31, total: 1 from warehouse 13","time":"2024-08-30T11:45:04+07:00"}
{"file":"/Users/jee/Works/go/src/github.com/ecommerce-api/internal/service/order_service.go:233","func":"github.com/ecommerce-api/internal/service.(*orderService).releaseStock","level":"info","msg":"release stock order 49, product: 31, total: 1  from warehose 13 ","time":"2024-08-30T11:45:24+07:00"}
{"file":"/Users/jee/Works/go/src/github.com/ecommerce-api/pkg/http/response.go:45","func":"github.com/ecommerce-api/pkg/http.JsonError","level":"error","msg":"destination warehouse is not active","time":"2024-08-30T12:37:34+07:00"}
{"file":"/Users/jee/Works/go/src/github.com/ecommerce-api/pkg/http/response.go:45","func":"github.com/ecommerce-api/pkg/http.JsonError","level":"error","msg":"WHERE conditions required","time":"2024-08-30T12:37:54+07:00"}
{"file":"/Users/jee/Works/go/src/github.com/ecommerce-api/pkg/http/response.go:45","func":"github.com/ecommerce-api/pkg/http.JsonError","level":"error","msg":"WHERE conditions required","time":"2024-08-30T12:38:50+07:00"}
{"file":"/Users/jee/Works/go/src/github.com/ecommerce-api/pkg/http/response.go:45","func":"github.com/ecommerce-api/pkg/http.JsonError","level":"error","msg":"ERROR: new row for relation \"product_transfer_warehouses\" violates check constraint \"product_transfer_warehouses_status_check\" (SQLSTATE 23514)","time":"2024-08-30T12:41:43+07:00"}
{"file":"/Users/jee/Works/go/src/github.com/ecommerce-api/internal/service/order_service.go:208","func":"github.com/ecommerce-api/internal/service.(*orderService).lockStock","level":"info","msg":"lock stock order: 1, product: 1, total: 1 from warehouse 1","time":"2024-08-30T12:53:45+07:00"}
{"file":"/Users/jee/Works/go/src/github.com/ecommerce-api/internal/service/order_service.go:233","func":"github.com/ecommerce-api/internal/service.(*orderService).releaseStock","level":"info","msg":"release stock order 1, product: 1, total: 1  from warehose 1 ","time":"2024-08-30T12:54:05+07:00"}
{"file":"/Users/jee/Works/go/src/github.com/ecommerce-api/pkg/http/response.go:45","func":"github.com/ecommerce-api/pkg/http.JsonError","level":"error","msg":"stock is not available","time":"2024-08-30T12:56:47+07:00"}
{"file":"/Users/jee/Works/go/src/github.com/ecommerce-api/internal/service/order_service.go:208","func":"github.com/ecommerce-api/internal/service.(*orderService).lockStock","level":"info","msg":"lock stock order: 2, product: 1, total: 1 from warehouse 1","time":"2024-08-30T12:57:02+07:00"}
{"file":"/Users/jee/Works/go/src/github.com/ecommerce-api/internal/service/order_service.go:233","func":"github.com/ecommerce-api/internal/service.(*orderService).releaseStock","level":"info","msg":"release stock order 2, product: 1, total: 1  from warehose 1 ","time":"2024-08-30T12:57:22+07:00"}
{"file":"/Users/jee/Works/go/src/github.com/ecommerce-api/internal/service/order_service.go:208","func":"github.com/ecommerce-api/internal/service.(*orderService).lockStock","level":"info","msg":"lock stock order: 3, product: 1, total: 1 from warehouse 1","time":"2024-08-30T12:57:55+07:00"}
{"file":"/Users/jee/Works/go/src/github.com/ecommerce-api/internal/service/order_service.go:233","func":"github.com/ecommerce-api/internal/service.(*orderService).releaseStock","level":"info","msg":"release stock order 3, product: 1, total: 1  from warehose 1 ","time":"2024-08-30T12:58:04+07:00"}
{"file":"/Users/jee/Works/go/src/github.com/ecommerce-api/pkg/http/response.go:45","func":"github.com/ecommerce-api/pkg/http.JsonError","level":"error","msg":"ERROR: relation \"product_responses\" does not exist (SQLSTATE 42P01)","time":"2024-08-30T13:07:37+07:00"}
{"file":"/Users/jee/Works/go/src/github.com/ecommerce-api/internal/handler/warehouse_handler.go:23","func":"github.com/ecommerce-api/internal/handler.inventoryHandler.SetWarehouseStatus","level":"debug","msg":"","time":"2024-08-30T13:15:45+07:00"}
{"file":"/Users/jee/Works/go/src/github.com/ecommerce-api/internal/service/order_service.go:208","func":"github.com/ecommerce-api/internal/service.(*orderService).lockStock","level":"info","msg":"lock stock order: 4, product: 1, total: 1 from warehouse 1","time":"2024-08-30T13:39:39+07:00"}
{"file":"/Users/jee/Works/go/src/github.com/ecommerce-api/internal/service/order_service.go:208","func":"github.com/ecommerce-api/internal/service.(*orderService).lockStock","level":"info","msg":"lock stock order: 5, product: 1, total: 1 from warehouse 1","time":"2024-08-30T13:39:55+07:00"}
{"file":"/Users/jee/Works/go/src/github.com/ecommerce-api/internal/service/order_service.go:233","func":"github.com/ecommerce-api/internal/service.(*orderService).releaseStock","level":"info","msg":"release stock order 5, product: 1, total: 1  from warehose 1 ","time":"2024-08-30T13:40:06+07:00"}
{"level":"fatal","msg":"failed to listen: listen tcp4 0.0.0.0:3001: bind: address already in use","time":"2024-08-30T14:11:52+07:00"}
{"level":"fatal","msg":"failed to listen: listen tcp4 0.0.0.0:3001: bind: address already in use","time":"2024-08-30T14:12:14+07:00"}
{"level":"fatal","msg":"failed to listen: listen tcp4 0.0.0.0:3001: bind: address already in use","time":"2024-08-30T14:12:29+07:00"}
{"level":"fatal","msg":"failed to listen: listen tcp4 0.0.0.0:3001: bind: address already in use","time":"2024-08-30T14:12:40+07:00"}
{"file":"/Users/jee/Works/go/src/github.com/ecommerce-api/pkg/http/response.go:45","func":"github.com/ecommerce-api/pkg/http.JsonError","level":"error","msg":"record not found","time":"2024-09-01T06:16:14+07:00"}
{"file":"/Users/jee/Works/go/src/github.com/ecommerce-api/pkg/http/response.go:45","func":"github.com/ecommerce-api/pkg/http.JsonError","level":"error","msg":"sql: Scan error on column index 0, name \"total_quantity\": converting NULL to int is unsupported","time":"2024-09-01T06:16:14+07:00"}
{"file":"/Users/jee/Works/go/src/github.com/ecommerce-api/pkg/http/response.go:45","func":"github.com/ecommerce-api/pkg/http.JsonError","level":"error","msg":"record not found","time":"2024-09-01T06:16:14+07:00"}
{"file":"/Users/jee/Works/go/src/github.com/ecommerce-api/pkg/http/response.go:45","func":"github.com/ecommerce-api/pkg/http.JsonError","level":"error","msg":"ERROR: insert or update on table \"warehouse_inventories\" violates foreign key constraint \"warehouse_inventories_product_id_fkey\" (SQLSTATE 23503)","time":"2024-09-01T06:16:15+07:00"}
{"file":"/Users/jee/Works/go/src/github.com/ecommerce-api/pkg/http/response.go:45","func":"github.com/ecommerce-api/pkg/http.JsonError","level":"error","msg":"record not found","time":"2024-09-01T06:16:15+07:00"}
{"file":"/Users/jee/Works/go/src/github.com/ecommerce-api/pkg/http/response.go:45","func":"github.com/ecommerce-api/pkg/http.JsonError","level":"error","msg":"record not found","time":"2024-09-01T06:16:15+07:00"}
{"file":"/Users/jee/Works/go/src/github.com/ecommerce-api/pkg/http/response.go:45","func":"github.com/ecommerce-api/pkg/http.JsonError","level":"error","msg":"record not found","time":"2024-09-01T06:16:27+07:00"}
{"file":"/Users/jee/Works/go/src/github.com/ecommerce-api/pkg/http/response.go:45","func":"github.com/ecommerce-api/pkg/http.JsonError","level":"error","msg":"sql: Scan error on column index 0, name \"total_quantity\": converting NULL to int is unsupported","time":"2024-09-01T06:19:03+07:00"}
{"file":"/Users/jee/Works/go/src/github.com/ecommerce-api/pkg/http/response.go:45","func":"github.com/ecommerce-api/pkg/http.JsonError","level":"error","msg":"invalid character '{' looking for beginning of object key string","time":"2024-09-01T06:25:37+07:00"}
{"file":"/Users/jee/Works/go/src/github.com/ecommerce-api/pkg/http/response.go:45","func":"github.com/ecommerce-api/pkg/http.JsonError","level":"error","msg":"json: cannot unmarshal string into Go struct field OrderRequest.shop_id of type uint64","time":"2024-09-01T06:25:49+07:00"}
{"file":"/Users/jee/Works/go/src/github.com/ecommerce-api/pkg/http/response.go:45","func":"github.com/ecommerce-api/pkg/http.JsonError","level":"error","msg":"invalid character '{' looking for beginning of object key string","time":"2024-09-01T06:26:00+07:00"}
{"file":"/Users/jee/Works/go/src/github.com/ecommerce-api/pkg/http/response.go:45","func":"github.com/ecommerce-api/pkg/http.JsonError","level":"error","msg":"json: cannot unmarshal string into Go struct field OrderRequest.shop_id of type uint64","time":"2024-09-01T06:26:12+07:00"}
{"file":"/Users/jee/Works/go/src/github.com/ecommerce-api/pkg/http/response.go:45","func":"github.com/ecommerce-api/pkg/http.JsonError","level":"error","msg":"invalid character '{' looking for beginning of object key string","time":"2024-09-01T06:26:40+07:00"}
{"file":"/Users/jee/Works/go/src/github.com/ecommerce-api/pkg/http/response.go:45","func":"github.com/ecommerce-api/pkg/http.JsonError","level":"error","msg":"invalid character '{' looking for beginning of object key string","time":"2024-09-01T06:26:47+07:00"}
{"file":"/Users/jee/Works/go/src/github.com/ecommerce-api/pkg/http/response.go:45","func":"github.com/ecommerce-api/pkg/http.JsonError","level":"error","msg":"ERROR: insert or update on table \"orders\" violates foreign key constraint \"orders_user_id_fkey\" (SQLSTATE 23503)","time":"2024-09-01T06:28:31+07:00"}
{"file":"/Users/jee/Works/go/src/github.com/ecommerce-api/pkg/http/response.go:45","func":"github.com/ecommerce-api/pkg/http.JsonError","level":"error","msg":"invalid character '{' looking for beginning of object key string","time":"2024-09-01T06:29:07+07:00"}
{"file":"/Users/jee/Works/go/src/github.com/ecommerce-api/internal/service/order_service.go:208","func":"github.com/ecommerce-api/internal/service.(*orderService).lockStock","level":"info","msg":"lock stock order: 8, product: 56, total: 1 from warehouse 23","time":"2024-09-01T06:29:07+07:00"}
{"file":"/Users/jee/Works/go/src/github.com/ecommerce-api/pkg/http/response.go:45","func":"github.com/ecommerce-api/pkg/http.JsonError","level":"error","msg":"ERROR: insert or update on table \"warehouse_inventories\" violates foreign key constraint \"warehouse_inventories_product_id_fkey\" (SQLSTATE 23503)","time":"2024-09-01T06:29:10+07:00"}
{"file":"/Users/jee/Works/go/src/github.com/ecommerce-api/pkg/http/response.go:45","func":"github.com/ecommerce-api/pkg/http.JsonError","level":"error","msg":"record not found","time":"2024-09-01T06:29:10+07:00"}
{"file":"/Users/jee/Works/go/src/github.com/ecommerce-api/pkg/http/response.go:45","func":"github.com/ecommerce-api/pkg/http.JsonError","level":"error","msg":"record not found","time":"2024-09-01T06:29:10+07:00"}
{"file":"/Users/jee/Works/go/src/github.com/ecommerce-api/pkg/http/response.go:45","func":"github.com/ecommerce-api/pkg/http.JsonError","level":"error","msg":"record not found","time":"2024-09-01T06:29:10+07:00"}
{"file":"/Users/jee/Works/go/src/github.com/ecommerce-api/internal/service/order_service.go:233","func":"github.com/ecommerce-api/internal/service.(*orderService).releaseStock","level":"info","msg":"release stock order 8, product: 56, total: 1  from warehose 23 ","time":"2024-09-01T06:29:27+07:00"}
{"file":"/Users/jee/Works/go/src/github.com/ecommerce-api/internal/service/order_service.go:208","func":"github.com/ecommerce-api/internal/service.(*orderService).lockStock","level":"info","msg":"lock stock order: 9, product: 56, total: 1 from warehouse 23","time":"2024-09-01T06:29:40+07:00"}
{"file":"/Users/jee/Works/go/src/github.com/ecommerce-api/internal/service/order_service.go:233","func":"github.com/ecommerce-api/internal/service.(*orderService).releaseStock","level":"info","msg":"release stock order 9, product: 56, total: 1  from warehose 23 ","time":"2024-09-01T06:30:00+07:00"}
{"file":"/Users/jee/Works/go/src/github.com/ecommerce-api/internal/service/order_service.go:208","func":"github.com/ecommerce-api/internal/service.(*orderService).lockStock","level":"info","msg":"lock stock order: 10, product: 56, total: 1 from warehouse 23","time":"2024-09-01T06:30:04+07:00"}
{"file":"/Users/jee/Works/go/src/github.com/ecommerce-api/internal/service/order_service.go:233","func":"github.com/ecommerce-api/internal/service.(*orderService).releaseStock","level":"info","msg":"release stock order 10, product: 56, total: 1  from warehose 23 ","time":"2024-09-01T06:30:09+07:00"}
{"file":"/Users/jee/Works/go/src/github.com/ecommerce-api/pkg/http/response.go:45","func":"github.com/ecommerce-api/pkg/http.JsonError","level":"error","msg":"the email is taken","time":"2024-09-01T06:54:35+07:00"}
{"file":"/Users/jee/Works/go/src/github.com/ecommerce-api/internal/service/order_service.go:208","func":"github.com/ecommerce-api/internal/service.(*orderService).lockStock","level":"info","msg":"lock stock order: 11, product: 54, total: 1 from warehouse 21","time":"2024-09-01T06:54:36+07:00"}
{"file":"/Users/jee/Works/go/src/github.com/ecommerce-api/internal/service/order_service.go:233","func":"github.com/ecommerce-api/internal/service.(*orderService).releaseStock","level":"info","msg":"release stock order 11, product: 54, total: 1  from warehose 21 ","time":"2024-09-01T06:54:37+07:00"}
{"file":"/Users/jee/Works/go/src/github.com/ecommerce-api/pkg/http/response.go:45","func":"github.com/ecommerce-api/pkg/http.JsonError","level":"error","msg":"the email is taken","time":"2024-09-01T06:56:22+07:00"}
{"file":"/Users/jee/Works/go/src/github.com/ecommerce-api/internal/service/order_service.go:208","func":"github.com/ecommerce-api/internal/service.(*orderService).lockStock","level":"info","msg":"lock stock order: 12, product: 54, total: 1 from warehouse 21","time":"2024-09-01T06:56:23+07:00"}
{"file":"/Users/jee/Works/go/src/github.com/ecommerce-api/internal/service/order_service.go:233","func":"github.com/ecommerce-api/internal/service.(*orderService).releaseStock","level":"info","msg":"release stock order 12, product: 54, total: 1  from warehose 21 ","time":"2024-09-01T06:56:24+07:00"}
{"file":"/Users/jee/Works/go/src/github.com/ecommerce-api/pkg/http/response.go:45","func":"github.com/ecommerce-api/pkg/http.JsonError","level":"error","msg":"the email is taken","time":"2024-09-01T06:57:34+07:00"}
{"file":"/Users/jee/Works/go/src/github.com/ecommerce-api/internal/service/order_service.go:208","func":"github.com/ecommerce-api/internal/service.(*orderService).lockStock","level":"info","msg":"lock stock order: 13, product: 54, total: 1 from warehouse 21","time":"2024-09-01T06:57:36+07:00"}
{"file":"/Users/jee/Works/go/src/github.com/ecommerce-api/internal/service/order_service.go:233","func":"github.com/ecommerce-api/internal/service.(*orderService).releaseStock","level":"info","msg":"release stock order 13, product: 54, total: 1  from warehose 21 ","time":"2024-09-01T06:57:37+07:00"}
{"file":"/Users/jee/Works/go/src/github.com/ecommerce-api/pkg/http/response.go:45","func":"github.com/ecommerce-api/pkg/http.JsonError","level":"error","msg":"the email is taken","time":"2024-09-01T07:00:12+07:00"}
{"file":"/Users/jee/Works/go/src/github.com/ecommerce-api/internal/service/order_service.go:208","func":"github.com/ecommerce-api/internal/service.(*orderService).lockStock","level":"info","msg":"lock stock order: 14, product: 56, total: 1 from warehouse 23","time":"2024-09-01T07:00:14+07:00"}
{"file":"/Users/jee/Works/go/src/github.com/ecommerce-api/internal/service/order_service.go:233","func":"github.com/ecommerce-api/internal/service.(*orderService).releaseStock","level":"info","msg":"release stock order 14, product: 56, total: 1  from warehose 23 ","time":"2024-09-01T07:00:15+07:00"}
{"file":"/Users/jee/Works/go/src/github.com/ecommerce-api/pkg/http/response.go:45","func":"github.com/ecommerce-api/pkg/http.JsonError","level":"error","msg":"the email is taken","time":"2024-09-01T07:04:28+07:00"}
{"file":"/Users/jee/Works/go/src/github.com/ecommerce-api/internal/service/order_service.go:208","func":"github.com/ecommerce-api/internal/service.(*orderService).lockStock","level":"info","msg":"lock stock order: 15, product: 56, total: 1 from warehouse 23","time":"2024-09-01T07:04:29+07:00"}
{"file":"/Users/jee/Works/go/src/github.com/ecommerce-api/internal/service/order_service.go:233","func":"github.com/ecommerce-api/internal/service.(*orderService).releaseStock","level":"info","msg":"release stock order 15, product: 56, total: 1  from warehose 23 ","time":"2024-09-01T07:04:30+07:00"}
{"file":"/Users/jee/Works/go/src/github.com/ecommerce-api/pkg/http/response.go:45","func":"github.com/ecommerce-api/pkg/http.JsonError","level":"error","msg":"the email is taken","time":"2024-09-01T07:05:04+07:00"}
{"file":"/Users/jee/Works/go/src/github.com/ecommerce-api/internal/service/order_service.go:208","func":"github.com/ecommerce-api/internal/service.(*orderService).lockStock","level":"info","msg":"lock stock order: 16, product: 54, total: 1 from warehouse 21","time":"2024-09-01T07:05:05+07:00"}
{"file":"/Users/jee/Works/go/src/github.com/ecommerce-api/internal/service/order_service.go:233","func":"github.com/ecommerce-api/internal/service.(*orderService).releaseStock","level":"info","msg":"release stock order 16, product: 54, total: 1  from warehose 21 ","time":"2024-09-01T07:05:06+07:00"}
{"file":"/Users/jee/Works/go/src/github.com/ecommerce-api/pkg/http/response.go:45","func":"github.com/ecommerce-api/pkg/http.JsonError","level":"error","msg":"the email is taken","time":"2024-09-01T07:06:33+07:00"}
{"file":"/Users/jee/Works/go/src/github.com/ecommerce-api/internal/service/order_service.go:208","func":"github.com/ecommerce-api/internal/service.(*orderService).lockStock","level":"info","msg":"lock stock order: 17, product: 54, total: 1 from warehouse 21","time":"2024-09-01T07:06:34+07:00"}
{"file":"/Users/jee/Works/go/src/github.com/ecommerce-api/internal/service/order_service.go:233","func":"github.com/ecommerce-api/internal/service.(*orderService).releaseStock","level":"info","msg":"release stock order 17, product: 54, total: 1  from warehose 21 ","time":"2024-09-01T07:06:35+07:00"}
{"file":"/Users/jee/Works/go/src/github.com/ecommerce-api/pkg/http/response.go:45","func":"github.com/ecommerce-api/pkg/http.JsonError","level":"error","msg":"the email is taken","time":"2024-09-01T07:07:48+07:00"}
{"file":"/Users/jee/Works/go/src/github.com/ecommerce-api/internal/service/order_service.go:208","func":"github.com/ecommerce-api/internal/service.(*orderService).lockStock","level":"info","msg":"lock stock order: 18, product: 54, total: 1 from warehouse 21","time":"2024-09-01T07:07:49+07:00"}
{"file":"/Users/jee/Works/go/src/github.com/ecommerce-api/internal/service/order_service.go:233","func":"github.com/ecommerce-api/internal/service.(*orderService).releaseStock","level":"info","msg":"release stock order 18, product: 54, total: 1  from warehose 21 ","time":"2024-09-01T07:07:50+07:00"}
{"file":"/Users/jee/Works/go/src/github.com/ecommerce-api/pkg/http/response.go:45","func":"github.com/ecommerce-api/pkg/http.JsonError","level":"error","msg":"the email is taken","time":"2024-09-01T07:08:09+07:00"}
{"file":"/Users/jee/Works/go/src/github.com/ecommerce-api/internal/service/order_service.go:208","func":"github.com/ecommerce-api/internal/service.(*orderService).lockStock","level":"info","msg":"lock stock order: 19, product: 56, total: 1 from warehouse 23","time":"2024-09-01T07:08:11+07:00"}
{"file":"/Users/jee/Works/go/src/github.com/ecommerce-api/internal/service/order_service.go:233","func":"github.com/ecommerce-api/internal/service.(*orderService).releaseStock","level":"info","msg":"release stock order 19, product: 56, total: 1  from warehose 23 ","time":"2024-09-01T07:08:12+07:00"}
{"file":"/Users/jee/Works/go/src/github.com/ecommerce-api/pkg/http/response.go:45","func":"github.com/ecommerce-api/pkg/http.JsonError","level":"error","msg":"the email is taken","time":"2024-09-01T07:12:46+07:00"}
{"file":"/Users/jee/Works/go/src/github.com/ecommerce-api/internal/service/order_service.go:208","func":"github.com/ecommerce-api/internal/service.(*orderService).lockStock","level":"info","msg":"lock stock order: 20, product: 54, total: 1 from warehouse 21","time":"2024-09-01T07:12:47+07:00"}
{"file":"/Users/jee/Works/go/src/github.com/ecommerce-api/internal/service/order_service.go:233","func":"github.com/ecommerce-api/internal/service.(*orderService).releaseStock","level":"info","msg":"release stock order 20, product: 54, total: 1  from warehose 21 ","time":"2024-09-01T07:12:48+07:00"}
{"file":"/Users/jee/Works/go/src/github.com/ecommerce-api/pkg/middleware/middleware.go:26","func":"github.com/ecommerce-api/pkg/middleware.AuthAPIMiddleware.func1","level":"error","msg":"unauthorized","time":"2024-09-01T07:28:55+07:00"}
{"file":"/Users/jee/Works/go/src/github.com/ecommerce-api/pkg/middleware/middleware.go:26","func":"github.com/ecommerce-api/pkg/middleware.AuthAPIMiddleware.func1","level":"error","msg":"unauthorized","time":"2024-09-01T11:45:35+07:00"}
{"file":"/Users/jee/Works/go/src/github.com/ecommerce-api/pkg/middleware/middleware.go:26","func":"github.com/ecommerce-api/pkg/middleware.AuthAPIMiddleware.func1","level":"error","msg":"unauthorized","time":"2024-09-01T11:45:35+07:00"}
{"file":"/Users/jee/Works/go/src/github.com/ecommerce-api/pkg/middleware/middleware.go:26","func":"github.com/ecommerce-api/pkg/middleware.AuthAPIMiddleware.func1","level":"error","msg":"unauthorized","time":"2024-09-01T11:45:52+07:00"}
{"file":"/Users/jee/Works/go/src/github.com/ecommerce-api/pkg/middleware/middleware.go:26","func":"github.com/ecommerce-api/pkg/middleware.AuthAPIMiddleware.func1","level":"error","msg":"unauthorized","time":"2024-09-01T11:45:52+07:00"}
{"file":"/Users/jee/Works/go/src/github.com/ecommerce-api/pkg/middleware/middleware.go:26","func":"github.com/ecommerce-api/pkg/middleware.AuthAPIMiddleware.func1","level":"error","msg":"unauthorized","time":"2024-09-01T11:46:19+07:00"}
{"file":"/Users/jee/Works/go/src/github.com/ecommerce-api/pkg/middleware/middleware.go:26","func":"github.com/ecommerce-api/pkg/middleware.AuthAPIMiddleware.func1","level":"error","msg":"unauthorized","time":"2024-09-01T11:46:52+07:00"}
{"file":"/Users/jee/Works/go/src/github.com/ecommerce-api/pkg/middleware/middleware.go:26","func":"github.com/ecommerce-api/pkg/middleware.AuthAPIMiddleware.func1","level":"error","msg":"unauthorized","time":"2024-09-01T11:46:52+07:00"}
{"file":"/Users/jee/Works/go/src/github.com/ecommerce-api/pkg/middleware/middleware.go:26","func":"github.com/ecommerce-api/pkg/middleware.AuthAPIMiddleware.func1","level":"error","msg":"unauthorized","time":"2024-09-01T11:47:06+07:00"}
{"file":"/Users/jee/Works/go/src/github.com/ecommerce-api/pkg/middleware/middleware.go:26","func":"github.com/ecommerce-api/pkg/middleware.AuthAPIMiddleware.func1","level":"error","msg":"unauthorized","time":"2024-09-01T11:49:13+07:00"}
{"file":"/Users/jee/Works/go/src/github.com/ecommerce-api/pkg/middleware/middleware.go:26","func":"github.com/ecommerce-api/pkg/middleware.AuthAPIMiddleware.func1","level":"error","msg":"unauthorized","time":"2024-09-01T11:49:55+07:00"}
{"file":"/Users/jee/Works/go/src/github.com/ecommerce-api/pkg/middleware/middleware.go:26","func":"github.com/ecommerce-api/pkg/middleware.AuthAPIMiddleware.func1","level":"error","msg":"unauthorized","time":"2024-09-01T11:50:19+07:00"}
{"file":"/Users/jee/Works/go/src/github.com/ecommerce-api/pkg/middleware/middleware.go:26","func":"github.com/ecommerce-api/pkg/middleware.AuthAPIMiddleware.func1","level":"error","msg":"unauthorized","time":"2024-09-01T11:50:22+07:00"}
{"file":"/Users/jee/Works/go/src/github.com/ecommerce-api/pkg/middleware/middleware.go:26","func":"github.com/ecommerce-api/pkg/middleware.AuthAPIMiddleware.func1","level":"error","msg":"unauthorized","time":"2024-09-01T11:50:22+07:00"}
{"file":"/Users/jee/Works/go/src/github.com/ecommerce-api/pkg/middleware/middleware.go:26","func":"github.com/ecommerce-api/pkg/middleware.AuthAPIMiddleware.func1","level":"error","msg":"unauthorized","time":"2024-09-01T11:51:18+07:00"}
{"file":"/Users/jee/Works/go/src/github.com/ecommerce-api/pkg/middleware/middleware.go:26","func":"github.com/ecommerce-api/pkg/middleware.AuthAPIMiddleware.func1","level":"error","msg":"unauthorized","time":"2024-09-01T11:51:18+07:00"}
{"file":"/Users/jee/Works/go/src/github.com/ecommerce-api/pkg/middleware/middleware.go:26","func":"github.com/ecommerce-api/pkg/middleware.AuthAPIMiddleware.func1","level":"error","msg":"unauthorized","time":"2024-09-01T11:51:19+07:00"}
{"file":"/Users/jee/Works/go/src/github.com/ecommerce-api/pkg/middleware/middleware.go:26","func":"github.com/ecommerce-api/pkg/middleware.AuthAPIMiddleware.func1","level":"error","msg":"unauthorized","time":"2024-09-01T11:51:19+07:00"}
{"file":"/Users/jee/Works/go/src/github.com/ecommerce-api/pkg/middleware/middleware.go:26","func":"github.com/ecommerce-api/pkg/middleware.AuthAPIMiddleware.func1","level":"error","msg":"unauthorized","time":"2024-09-01T11:51:19+07:00"}
{"file":"/Users/jee/Works/go/src/github.com/ecommerce-api/pkg/middleware/middleware.go:26","func":"github.com/ecommerce-api/pkg/middleware.AuthAPIMiddleware.func1","level":"error","msg":"unauthorized","time":"2024-09-01T11:51:19+07:00"}
{"file":"/Users/jee/Works/go/src/github.com/ecommerce-api/pkg/middleware/middleware.go:26","func":"github.com/ecommerce-api/pkg/middleware.AuthAPIMiddleware.func1","level":"error","msg":"unauthorized","time":"2024-09-01T11:51:19+07:00"}
{"file":"/Users/jee/Works/go/src/github.com/ecommerce-api/pkg/middleware/middleware.go:26","func":"github.com/ecommerce-api/pkg/middleware.AuthAPIMiddleware.func1","level":"error","msg":"unauthorized","time":"2024-09-01T11:51:20+07:00"}
{"file":"/Users/jee/Works/go/src/github.com/ecommerce-api/pkg/middleware/middleware.go:26","func":"github.com/ecommerce-api/pkg/middleware.AuthAPIMiddleware.func1","level":"error","msg":"unauthorized","time":"2024-09-01T11:52:57+07:00"}
{"file":"/Users/jee/Works/go/src/github.com/ecommerce-api/pkg/http/response.go:45","func":"github.com/ecommerce-api/pkg/http.JsonError","level":"error","msg":"ERROR: syntax error at or near \"ON\" (SQLSTATE 42601)","time":"2024-09-01T11:53:12+07:00"}
{"file":"/Users/jee/Works/go/src/github.com/ecommerce-api/pkg/http/response.go:45","func":"github.com/ecommerce-api/pkg/http.JsonError","level":"error","msg":"ERROR: argument of AND must be type boolean, not type bigint (SQLSTATE 42804)","time":"2024-09-01T11:53:12+07:00"}
{"file":"/Users/jee/Works/go/src/github.com/ecommerce-api/pkg/http/response.go:45","func":"github.com/ecommerce-api/pkg/http.JsonError","level":"error","msg":"Invalid params","time":"2024-09-01T11:53:12+07:00"}
{"file":"/Users/jee/Works/go/src/github.com/ecommerce-api/pkg/http/response.go:45","func":"github.com/ecommerce-api/pkg/http.JsonError","level":"error","msg":"ERROR: missing FROM-clause entry for table \"warehouses_inventories\" (SQLSTATE 42P01)","time":"2024-09-01T11:53:12+07:00"}
{"file":"/Users/jee/Works/go/src/github.com/ecommerce-api/pkg/http/response.go:45","func":"github.com/ecommerce-api/pkg/http.JsonError","level":"error","msg":"ERROR: missing FROM-clause entry for table \"warehouses_inventories\" (SQLSTATE 42P01)","time":"2024-09-01T11:53:12+07:00"}
{"file":"/Users/jee/Works/go/src/github.com/ecommerce-api/pkg/http/response.go:45","func":"github.com/ecommerce-api/pkg/http.JsonError","level":"error","msg":"ERROR: syntax error at or near \"ON\" (SQLSTATE 42601)","time":"2024-09-01T11:53:35+07:00"}
{"file":"/Users/jee/Works/go/src/github.com/ecommerce-api/pkg/http/response.go:45","func":"github.com/ecommerce-api/pkg/http.JsonError","level":"error","msg":"ERROR: syntax error at or near \"ON\" (SQLSTATE 42601)","time":"2024-09-01T11:55:32+07:00"}
{"file":"/Users/jee/Works/go/src/github.com/ecommerce-api/pkg/http/response.go:45","func":"github.com/ecommerce-api/pkg/http.JsonError","level":"error","msg":"ERROR: syntax error at or near \"ON\" (SQLSTATE 42601)","time":"2024-09-01T11:55:58+07:00"}
{"file":"/Users/jee/Works/go/src/github.com/ecommerce-api/pkg/http/response.go:45","func":"github.com/ecommerce-api/pkg/http.JsonError","level":"error","msg":"the email is taken","time":"2024-09-01T11:57:25+07:00"}
{"file":"/Users/jee/Works/go/src/github.com/ecommerce-api/pkg/http/response.go:45","func":"github.com/ecommerce-api/pkg/http.JsonError","level":"error","msg":"ERROR: argument of AND must be type boolean, not type bigint (SQLSTATE 42804)","time":"2024-09-01T11:57:25+07:00"}
{"file":"/Users/jee/Works/go/src/github.com/ecommerce-api/pkg/http/response.go:45","func":"github.com/ecommerce-api/pkg/http.JsonError","level":"error","msg":"Invalid params","time":"2024-09-01T11:57:26+07:00"}
{"file":"/Users/jee/Works/go/src/github.com/ecommerce-api/pkg/http/response.go:45","func":"github.com/ecommerce-api/pkg/http.JsonError","level":"error","msg":"ERROR: missing FROM-clause entry for table \"warehouses_inventories\" (SQLSTATE 42P01)","time":"2024-09-01T11:57:26+07:00"}
{"file":"/Users/jee/Works/go/src/github.com/ecommerce-api/pkg/http/response.go:45","func":"github.com/ecommerce-api/pkg/http.JsonError","level":"error","msg":"ERROR: missing FROM-clause entry for table \"warehouses_inventories\" (SQLSTATE 42P01)","time":"2024-09-01T11:57:27+07:00"}
{"file":"/Users/jee/Works/go/src/github.com/ecommerce-api/pkg/http/response.go:45","func":"github.com/ecommerce-api/pkg/http.JsonError","level":"error","msg":"the email is taken","time":"2024-09-01T11:59:42+07:00"}
{"file":"/Users/jee/Works/go/src/github.com/ecommerce-api/pkg/http/response.go:45","func":"github.com/ecommerce-api/pkg/http.JsonError","level":"error","msg":"ERROR: argument of AND must be type boolean, not type bigint (SQLSTATE 42804)","time":"2024-09-01T11:59:44+07:00"}
{"file":"/Users/jee/Works/go/src/github.com/ecommerce-api/pkg/http/response.go:45","func":"github.com/ecommerce-api/pkg/http.JsonError","level":"error","msg":"Invalid params","time":"2024-09-01T11:59:44+07:00"}
{"file":"/Users/jee/Works/go/src/github.com/ecommerce-api/pkg/http/response.go:45","func":"github.com/ecommerce-api/pkg/http.JsonError","level":"error","msg":"ERROR: missing FROM-clause entry for table \"warehouses_inventories\" (SQLSTATE 42P01)","time":"2024-09-01T11:59:45+07:00"}
{"file":"/Users/jee/Works/go/src/github.com/ecommerce-api/pkg/http/response.go:45","func":"github.com/ecommerce-api/pkg/http.JsonError","level":"error","msg":"ERROR: missing FROM-clause entry for table \"warehouses_inventories\" (SQLSTATE 42P01)","time":"2024-09-01T11:59:46+07:00"}
{"file":"/Users/jee/Works/go/src/github.com/ecommerce-api/pkg/http/response.go:45","func":"github.com/ecommerce-api/pkg/http.JsonError","level":"error","msg":"ERROR: argument of AND must be type boolean, not type bigint (SQLSTATE 42804)","time":"2024-09-01T12:00:12+07:00"}
{"file":"/Users/jee/Works/go/src/github.com/ecommerce-api/internal/service/order_service.go:204","func":"github.com/ecommerce-api/internal/service.(*orderService).lockStock","level":"error","msg":"ERROR: missing FROM-clause entry for table \"warehouses_inventories\" (SQLSTATE 42P01)","time":"2024-09-01T12:00:42+07:00"}
{"file":"/Users/jee/Works/go/src/github.com/ecommerce-api/internal/service/order_service.go:237","func":"github.com/ecommerce-api/internal/service.(*orderService).releaseStock","level":"info","msg":"release stock order 21, product: 118, total: 1  from warehose 37 ","time":"2024-09-01T12:01:02+07:00"}
{"file":"/Users/jee/Works/go/src/github.com/ecommerce-api/internal/service/order_service.go:246","func":"github.com/ecommerce-api/internal/service.(*orderService).releaseStock","level":"error","msg":"ERROR: missing FROM-clause entry for table \"warehouses_inventories\" (SQLSTATE 42P01)","time":"2024-09-01T12:01:02+07:00"}
{"file":"/Users/jee/Works/go/src/github.com/ecommerce-api/pkg/http/response.go:45","func":"github.com/ecommerce-api/pkg/http.JsonError","level":"error","msg":"the email is taken","time":"2024-09-01T12:01:18+07:00"}
{"file":"/Users/jee/Works/go/src/github.com/ecommerce-api/internal/service/order_service.go:204","func":"github.com/ecommerce-api/internal/service.(*orderService).lockStock","level":"error","msg":"ERROR: missing FROM-clause entry for table \"warehouses_inventories\" (SQLSTATE 42P01)","time":"2024-09-01T12:01:19+07:00"}
{"file":"/Users/jee/Works/go/src/github.com/ecommerce-api/pkg/http/response.go:45","func":"github.com/ecommerce-api/pkg/http.JsonError","level":"error","msg":"ERROR: missing FROM-clause entry for table \"warehouses_inventories\" (SQLSTATE 42P01)","time":"2024-09-01T12:01:20+07:00"}
{"file":"/Users/jee/Works/go/src/github.com/ecommerce-api/pkg/http/response.go:45","func":"github.com/ecommerce-api/pkg/http.JsonError","level":"error","msg":"ERROR: missing FROM-clause entry for table \"warehouses_inventories\" (SQLSTATE 42P01)","time":"2024-09-01T12:01:20+07:00"}
{"file":"/Users/jee/Works/go/src/github.com/ecommerce-api/internal/service/order_service.go:237","func":"github.com/ecommerce-api/internal/service.(*orderService).releaseStock","level":"info","msg":"release stock order 22, product: 118, total: 1  from warehose 37 ","time":"2024-09-01T12:01:20+07:00"}
{"file":"/Users/jee/Works/go/src/github.com/ecommerce-api/pkg/http/response.go:45","func":"github.com/ecommerce-api/pkg/http.JsonError","level":"error","msg":"ERROR: missing FROM-clause entry for table \"warehouses_inventories\" (SQLSTATE 42P01)","time":"2024-09-01T12:01:34+07:00"}
{"file":"/Users/jee/Works/go/src/github.com/ecommerce-api/pkg/http/response.go:45","func":"github.com/ecommerce-api/pkg/http.JsonError","level":"error","msg":"the email is taken","time":"2024-09-01T12:02:10+07:00"}
{"file":"/Users/jee/Works/go/src/github.com/ecommerce-api/internal/service/order_service.go:204","func":"github.com/ecommerce-api/internal/service.(*orderService).lockStock","level":"error","msg":"ERROR: missing FROM-clause entry for table \"warehouses_inventories\" (SQLSTATE 42P01)","time":"2024-09-01T12:02:12+07:00"}
{"file":"/Users/jee/Works/go/src/github.com/ecommerce-api/pkg/http/response.go:45","func":"github.com/ecommerce-api/pkg/http.JsonError","level":"error","msg":"ERROR: missing FROM-clause entry for table \"warehouses_inventories\" (SQLSTATE 42P01)","time":"2024-09-01T12:02:12+07:00"}
{"file":"/Users/jee/Works/go/src/github.com/ecommerce-api/pkg/http/response.go:45","func":"github.com/ecommerce-api/pkg/http.JsonError","level":"error","msg":"ERROR: missing FROM-clause entry for table \"warehouses_inventories\" (SQLSTATE 42P01)","time":"2024-09-01T12:02:13+07:00"}
{"file":"/Users/jee/Works/go/src/github.com/ecommerce-api/internal/service/order_service.go:237","func":"github.com/ecommerce-api/internal/service.(*orderService).releaseStock","level":"info","msg":"release stock order 23, product: 118, total: 1  from warehose 37 ","time":"2024-09-01T12:02:13+07:00"}
{"file":"/Users/jee/Works/go/src/github.com/ecommerce-api/pkg/http/response.go:45","func":"github.com/ecommerce-api/pkg/http.JsonError","level":"error","msg":"ERROR: missing FROM-clause entry for table \"warehouses_inventories\" (SQLSTATE 42P01)","time":"2024-09-01T12:02:20+07:00"}
{"file":"/Users/jee/Works/go/src/github.com/ecommerce-api/pkg/http/response.go:45","func":"github.com/ecommerce-api/pkg/http.JsonError","level":"error","msg":"ERROR: missing FROM-clause entry for table \"warehouses_inventories\" (SQLSTATE 42P01)","time":"2024-09-01T12:18:43+07:00"}
{"file":"/Users/jee/Works/go/src/github.com/ecommerce-api/pkg/http/response.go:45","func":"github.com/ecommerce-api/pkg/http.JsonError","level":"error","msg":"ERROR: missing FROM-clause entry for table \"warehouses_inventories\" (SQLSTATE 42P01)","time":"2024-09-01T12:27:33+07:00"}
{"file":"/Users/jee/Works/go/src/github.com/ecommerce-api/pkg/http/response.go:45","func":"github.com/ecommerce-api/pkg/http.JsonError","level":"error","msg":"ERROR: missing FROM-clause entry for table \"warehouses_inventories\" (SQLSTATE 42P01)","time":"2024-09-01T12:28:57+07:00"}
{"file":"/Users/jee/Works/go/src/github.com/ecommerce-api/pkg/http/response.go:45","func":"github.com/ecommerce-api/pkg/http.JsonError","level":"error","msg":"ERROR: missing FROM-clause entry for table \"warehouses_inventories\" (SQLSTATE 42P01)","time":"2024-09-01T12:30:07+07:00"}
{"file":"/Users/jee/Works/go/src/github.com/ecommerce-api/pkg/http/response.go:45","func":"github.com/ecommerce-api/pkg/http.JsonError","level":"error","msg":"ERROR: missing FROM-clause entry for table \"warehouses_inventories\" (SQLSTATE 42P01)","time":"2024-09-01T12:30:46+07:00"}
{"file":"/Users/jee/Works/go/src/github.com/ecommerce-api/pkg/http/response.go:45","func":"github.com/ecommerce-api/pkg/http.JsonError","level":"error","msg":"ERROR: missing FROM-clause entry for table \"warehouses_inventories\" (SQLSTATE 42P01)","time":"2024-09-01T12:34:19+07:00"}
{"file":"/Users/jee/Works/go/src/github.com/ecommerce-api/pkg/http/response.go:45","func":"github.com/ecommerce-api/pkg/http.JsonError","level":"error","msg":"ERROR: missing FROM-clause entry for table \"warehouses_inventories\" (SQLSTATE 42P01)","time":"2024-09-01T12:36:00+07:00"}
{"file":"/Users/jee/Works/go/src/github.com/ecommerce-api/pkg/http/response.go:45","func":"github.com/ecommerce-api/pkg/http.JsonError","level":"error","msg":"ERROR: missing FROM-clause entry for table \"warehouses_inventories\" (SQLSTATE 42P01)","time":"2024-09-01T12:39:48+07:00"}
{"file":"/Users/jee/Works/go/src/github.com/ecommerce-api/pkg/http/response.go:45","func":"github.com/ecommerce-api/pkg/http.JsonError","level":"error","msg":"ERROR: missing FROM-clause entry for table \"warehouses_inventories\" (SQLSTATE 42P01)","time":"2024-09-01T12:42:47+07:00"}
{"file":"/Users/jee/Works/go/src/github.com/ecommerce-api/pkg/http/response.go:45","func":"github.com/ecommerce-api/pkg/http.JsonError","level":"error","msg":"ERROR: missing FROM-clause entry for table \"warehouses_inventories\" (SQLSTATE 42P01)","time":"2024-09-01T12:43:34+07:00"}
{"file":"/Users/jee/Works/go/src/github.com/ecommerce-api/pkg/http/response.go:45","func":"github.com/ecommerce-api/pkg/http.JsonError","level":"error","msg":"ERROR: missing FROM-clause entry for table \"warehouses_inventories\" (SQLSTATE 42P01)","time":"2024-09-01T12:43:49+07:00"}
{"file":"/Users/jee/Works/go/src/github.com/ecommerce-api/pkg/http/response.go:45","func":"github.com/ecommerce-api/pkg/http.JsonError","level":"error","msg":"ERROR: missing FROM-clause entry for table \"warehouse\" (SQLSTATE 42P01)","time":"2024-09-01T12:46:50+07:00"}
{"file":"/Users/jee/Works/go/src/github.com/ecommerce-api/pkg/http/response.go:45","func":"github.com/ecommerce-api/pkg/http.JsonError","level":"error","msg":"ERROR: insert or update on table \"warehouse_inventories\" violates foreign key constraint \"warehouse_inventories_warehouse_id_fkey\" (SQLSTATE 23503)","time":"2024-09-01T12:48:09+07:00"}
{"file":"/Users/jee/Works/go/src/github.com/ecommerce-api/pkg/http/response.go:45","func":"github.com/ecommerce-api/pkg/http.JsonError","level":"error","msg":"ERROR: insert or update on table \"warehouse_inventories\" violates foreign key constraint \"warehouse_inventories_warehouse_id_fkey\" (SQLSTATE 23503)","time":"2024-09-01T13:06:21+07:00"}
{"file":"/Users/jee/Works/go/src/github.com/ecommerce-api/pkg/http/response.go:45","func":"github.com/ecommerce-api/pkg/http.JsonError","level":"error","msg":"record not found","time":"2024-09-01T13:06:38+07:00"}
{"file":"/Users/jee/Works/go/src/github.com/ecommerce-api/pkg/http/response.go:45","func":"github.com/ecommerce-api/pkg/http.JsonError","level":"error","msg":"the email is taken","time":"2024-09-01T13:21:29+07:00"}
{"file":"/Users/jee/Works/go/src/github.com/ecommerce-api/internal/service/order_service.go:212","func":"github.com/ecommerce-api/internal/service.(*orderService).lockStock","level":"info","msg":"lock stock order: 24, product: 118, total: 1 from warehouse 37","time":"2024-09-01T13:21:32+07:00"}
{"file":"/Users/jee/Works/go/src/github.com/ecommerce-api/pkg/http/response.go:45","func":"github.com/ecommerce-api/pkg/http.JsonError","level":"error","msg":"record not found","time":"2024-09-01T13:21:33+07:00"}
{"file":"/Users/jee/Works/go/src/github.com/ecommerce-api/internal/service/order_service.go:237","func":"github.com/ecommerce-api/internal/service.(*orderService).releaseStock","level":"info","msg":"release stock order 24, product: 118, total: 1  from warehose 37 ","time":"2024-09-01T13:21:33+07:00"}
{"file":"/Users/jee/Works/go/src/github.com/ecommerce-api/pkg/http/response.go:45","func":"github.com/ecommerce-api/pkg/http.JsonError","level":"error","msg":"record not found","time":"2024-09-01T13:21:34+07:00"}
{"file":"/Users/jee/Works/go/src/github.com/ecommerce-api/pkg/http/response.go:45","func":"github.com/ecommerce-api/pkg/http.JsonError","level":"error","msg":"the email is taken","time":"2024-09-01T13:25:45+07:00"}
{"file":"/Users/jee/Works/go/src/github.com/ecommerce-api/internal/service/order_service.go:212","func":"github.com/ecommerce-api/internal/service.(*orderService).lockStock","level":"info","msg":"lock stock order: 25, product: 118, total: 1 from warehouse 37","time":"2024-09-01T13:25:46+07:00"}
{"file":"/Users/jee/Works/go/src/github.com/ecommerce-api/pkg/http/response.go:45","func":"github.com/ecommerce-api/pkg/http.JsonError","level":"error","msg":"record not found","time":"2024-09-01T13:25:47+07:00"}
{"file":"/Users/jee/Works/go/src/github.com/ecommerce-api/pkg/http/response.go:45","func":"github.com/ecommerce-api/pkg/http.JsonError","level":"error","msg":"record not found","time":"2024-09-01T13:25:47+07:00"}
{"file":"/Users/jee/Works/go/src/github.com/ecommerce-api/internal/service/order_service.go:237","func":"github.com/ecommerce-api/internal/service.(*orderService).releaseStock","level":"info","msg":"release stock order 25, product: 118, total: 1  from warehose 37 ","time":"2024-09-01T13:25:47+07:00"}
{"file":"/Users/jee/Works/go/src/github.com/ecommerce-api/pkg/http/response.go:45","func":"github.com/ecommerce-api/pkg/http.JsonError","level":"error","msg":"invalid character '{' looking for beginning of object key string","time":"2024-09-01T13:29:40+07:00"}
{"file":"/Users/jee/Works/go/src/github.com/ecommerce-api/pkg/http/response.go:45","func":"github.com/ecommerce-api/pkg/http.JsonError","level":"error","msg":"the email is taken","time":"2024-09-01T13:29:47+07:00"}
{"file":"/Users/jee/Works/go/src/github.com/ecommerce-api/internal/service/order_service.go:212","func":"github.com/ecommerce-api/internal/service.(*orderService).lockStock","level":"info","msg":"lock stock order: 26, product: 118, total: 1 from warehouse 37","time":"2024-09-01T13:29:49+07:00"}
{"file":"/Users/jee/Works/go/src/github.com/ecommerce-api/pkg/http/response.go:45","func":"github.com/ecommerce-api/pkg/http.JsonError","level":"error","msg":"invalid character '{' looking for beginning of object key string","time":"2024-09-01T13:29:49+07:00"}
{"file":"/Users/jee/Works/go/src/github.com/ecommerce-api/pkg/http/response.go:45","func":"github.com/ecommerce-api/pkg/http.JsonError","level":"error","msg":"record not found","time":"2024-09-01T13:29:50+07:00"}
{"file":"/Users/jee/Works/go/src/github.com/ecommerce-api/internal/service/order_service.go:237","func":"github.com/ecommerce-api/internal/service.(*orderService).releaseStock","level":"info","msg":"release stock order 26, product: 118, total: 1  from warehose 37 ","time":"2024-09-01T13:29:50+07:00"}
{"file":"/Users/jee/Works/go/src/github.com/ecommerce-api/pkg/http/response.go:45","func":"github.com/ecommerce-api/pkg/http.JsonError","level":"error","msg":"the email is taken","time":"2024-09-01T13:30:44+07:00"}
{"file":"/Users/jee/Works/go/src/github.com/ecommerce-api/internal/service/order_service.go:212","func":"github.com/ecommerce-api/internal/service.(*orderService).lockStock","level":"info","msg":"lock stock order: 27, product: 118, total: 1 from warehouse 37","time":"2024-09-01T13:30:45+07:00"}
{"file":"/Users/jee/Works/go/src/github.com/ecommerce-api/pkg/http/response.go:45","func":"github.com/ecommerce-api/pkg/http.JsonError","level":"error","msg":"WHERE conditions required","time":"2024-09-01T13:30:46+07:00"}
{"file":"/Users/jee/Works/go/src/github.com/ecommerce-api/internal/service/order_service.go:237","func":"github.com/ecommerce-api/internal/service.(*orderService).releaseStock","level":"info","msg":"release stock order 27, product: 118, total: 1  from warehose 37 ","time":"2024-09-01T13:30:47+07:00"}
{"file":"/Users/jee/Works/go/src/github.com/ecommerce-api/pkg/http/response.go:45","func":"github.com/ecommerce-api/pkg/http.JsonError","level":"error","msg":"record not found","time":"2024-09-01T13:30:47+07:00"}
{"file":"/Users/jee/Works/go/src/github.com/ecommerce-api/pkg/http/response.go:45","func":"github.com/ecommerce-api/pkg/http.JsonError","level":"error","msg":"the email is taken","time":"2024-09-01T13:33:22+07:00"}
{"file":"/Users/jee/Works/go/src/github.com/ecommerce-api/pkg/http/response.go:45","func":"github.com/ecommerce-api/pkg/http.JsonError","level":"error","msg":"the email is taken","time":"2024-09-01T13:33:23+07:00"}
{"file":"/Users/jee/Works/go/src/github.com/ecommerce-api/internal/service/order_service.go:212","func":"github.com/ecommerce-api/internal/service.(*orderService).lockStock","level":"info","msg":"lock stock order: 28, product: 118, total: 1 from warehouse 37","time":"2024-09-01T13:33:25+07:00"}
{"file":"/Users/jee/Works/go/src/github.com/ecommerce-api/internal/service/order_service.go:237","func":"github.com/ecommerce-api/internal/service.(*orderService).releaseStock","level":"info","msg":"release stock order 28, product: 118, total: 1  from warehose 37 ","time":"2024-09-01T13:33:32+07:00"}
{"file":"/Users/jee/Works/go/src/github.com/ecommerce-api/pkg/http/response.go:45","func":"github.com/ecommerce-api/pkg/http.JsonError","level":"error","msg":"record not found","time":"2024-09-01T13:33:33+07:00"}
{"file":"/Users/jee/Works/go/src/github.com/ecommerce-api/pkg/http/response.go:45","func":"github.com/ecommerce-api/pkg/http.JsonError","level":"error","msg":"the email is taken","time":"2024-09-01T13:34:54+07:00"}
{"file":"/Users/jee/Works/go/src/github.com/ecommerce-api/internal/service/order_service.go:212","func":"github.com/ecommerce-api/internal/service.(*orderService).lockStock","level":"info","msg":"lock stock order: 29, product: 118, total: 1 from warehouse 37","time":"2024-09-01T13:34:55+07:00"}
{"file":"/Users/jee/Works/go/src/github.com/ecommerce-api/internal/service/order_service.go:237","func":"github.com/ecommerce-api/internal/service.(*orderService).releaseStock","level":"info","msg":"release stock order 29, product: 118, total: 1  from warehose 37 ","time":"2024-09-01T13:34:56+07:00"}
